# JRE version: Java(TM) SE Runtime Environment (12.0.2+10) (build 12.0.2+10)
# Java VM: Java HotSpot(TM) 64-Bit Server VM (12.0.2+10, mixed mode, sharing, tiered, compressed oops, g1 gc, windows-amd64)
Heap:
 garbage-first heap   total 147456K, used 101290K [0x0000000081c00000, 0x0000000100000000)
  region size 1024K, 25 young (25600K), 1 survivors (1024K)
 Metaspace       used 26873K, capacity 27209K, committed 27264K, reserved 1073152K
  class space    used 4099K, capacity 4205K, committed 4224K, reserved 1048576K
GC Heap History (10 events):
Event: 24.650 GC heap before
{Heap before GC invocations=44 (full 0):
 garbage-first heap   total 132096K, used 105718K [0x0000000081c00000, 0x0000000100000000)
  region size 1024K, 35 young (35840K), 5 survivors (5120K)
 Metaspace       used 26706K, capacity 27081K, committed 27264K, reserved 1073152K
  class space    used 4086K, capacity 4205K, committed 4224K, reserved 1048576K
}
Event: 24.654 GC heap after
{Heap after GC invocations=45 (full 0):
 garbage-first heap   total 132096K, used 77721K [0x0000000081c00000, 0x0000000100000000)
  region size 1024K, 5 young (5120K), 5 survivors (5120K)
 Metaspace       used 26706K, capacity 27081K, committed 27264K, reserved 1073152K
  class space    used 4086K, capacity 4205K, committed 4224K, reserved 1048576K
}
Event: 24.830 GC heap before
{Heap before GC invocations=45 (full 0):
 garbage-first heap   total 132096K, used 108441K [0x0000000081c00000, 0x0000000100000000)
  region size 1024K, 35 young (35840K), 5 survivors (5120K)
 Metaspace       used 26853K, capacity 27145K, committed 27264K, reserved 1073152K
  class space    used 4099K, capacity 4205K, committed 4224K, reserved 1048576K
}
Event: 24.834 GC heap after
{Heap after GC invocations=46 (full 0):
 garbage-first heap   total 132096K, used 78114K [0x0000000081c00000, 0x0000000100000000)
  region size 1024K, 1 young (1024K), 1 survivors (1024K)
 Metaspace       used 26853K, capacity 27145K, committed 27264K, reserved 1073152K
  class space    used 4099K, capacity 4205K, committed 4224K, reserved 1048576K
}
Event: 24.945 GC heap before
{Heap before GC invocations=47 (full 0):
 garbage-first heap   total 145408K, used 109858K [0x0000000081c00000, 0x0000000100000000)
  region size 1024K, 32 young (32768K), 1 survivors (1024K)
 Metaspace       used 26853K, capacity 27145K, committed 27264K, reserved 1073152K
  class space    used 4099K, capacity 4205K, committed 4224K, reserved 1048576K
}
Event: 24.946 GC heap after
{Heap after GC invocations=48 (full 0):
 garbage-first heap   total 145408K, used 77738K [0x0000000081c00000, 0x0000000100000000)
  region size 1024K, 1 young (1024K), 1 survivors (1024K)
 Metaspace       used 26853K, capacity 27145K, committed 27264K, reserved 1073152K
  class space    used 4099K, capacity 4205K, committed 4224K, reserved 1048576K
}
Event: 25.063 GC heap before
{Heap before GC invocations=48 (full 0):
 garbage-first heap   total 145408K, used 116650K [0x0000000081c00000, 0x0000000100000000)
  region size 1024K, 39 young (39936K), 1 survivors (1024K)
 Metaspace       used 26861K, capacity 27209K, committed 27264K, reserved 1073152K
  class space    used 4099K, capacity 4205K, committed 4224K, reserved 1048576K
}
Event: 25.064 GC heap after
{Heap after GC invocations=49 (full 0):
 garbage-first heap   total 145408K, used 77732K [0x0000000081c00000, 0x0000000100000000)
  region size 1024K, 1 young (1024K), 1 survivors (1024K)
 Metaspace       used 26861K, capacity 27209K, committed 27264K, reserved 1073152K
  class space    used 4099K, capacity 4205K, committed 4224K, reserved 1048576K
}
Event: 25.219 GC heap before
{Heap before GC invocations=50 (full 0):
 garbage-first heap   total 147456K, used 117668K [0x0000000081c00000, 0x0000000100000000)
  region size 1024K, 40 young (40960K), 1 survivors (1024K)
 Metaspace       used 26870K, capacity 27209K, committed 27264K, reserved 1073152K
  class space    used 4099K, capacity 4205K, committed 4224K, reserved 1048576K
}
Event: 25.221 GC heap after
{Heap after GC invocations=51 (full 0):
 garbage-first heap   total 147456K, used 77738K [0x0000000081c00000, 0x0000000100000000)
  region size 1024K, 1 young (1024K), 1 survivors (1024K)
 Metaspace       used 26870K, capacity 27209K, committed 27264K, reserved 1073152K
  class space    used 4099K, capacity 4205K, committed 4224K, reserved 1048576K
}

