# JRE version: Java(TM) SE Runtime Environment (12.0.2+10) (build 12.0.2+10)
# Java VM: Java HotSpot(TM) 64-Bit Server VM (12.0.2+10, mixed mode, sharing, tiered, compressed oops, g1 gc, windows-amd64)
Heap:
 garbage-first heap   total 157696K, used 109047K [0x0000000081c00000, 0x0000000100000000)
  region size 1024K, 44 young (45056K), 5 survivors (5120K)
 Metaspace       used 26838K, capacity 27145K, committed 27264K, reserved 1073152K
  class space    used 4092K, capacity 4205K, committed 4224K, reserved 1048576K
GC Heap History (10 events):
Event: 18.408 GC heap before
{Heap before GC invocations=21 (full 0):
 garbage-first heap   total 157696K, used 134318K [0x0000000081c00000, 0x0000000100000000)
  region size 1024K, 77 young (78848K), 5 survivors (5120K)
 Metaspace       used 24731K, capacity 25017K, committed 25216K, reserved 1071104K
  class space    used 3778K, capacity 3884K, committed 3968K, reserved 1048576K
}
Event: 18.411 GC heap after
{Heap after GC invocations=22 (full 0):
 garbage-first heap   total 157696K, used 62445K [0x0000000081c00000, 0x0000000100000000)
  region size 1024K, 6 young (6144K), 6 survivors (6144K)
 Metaspace       used 24731K, capacity 25017K, committed 25216K, reserved 1071104K
  class space    used 3778K, capacity 3884K, committed 3968K, reserved 1048576K
}
Event: 19.252 GC heap before
{Heap before GC invocations=22 (full 0):
 garbage-first heap   total 157696K, used 134125K [0x0000000081c00000, 0x0000000100000000)
  region size 1024K, 76 young (77824K), 6 survivors (6144K)
 Metaspace       used 25190K, capacity 25497K, committed 25856K, reserved 1071104K
  class space    used 3867K, capacity 3980K, committed 4096K, reserved 1048576K
}
Event: 19.262 GC heap after
{Heap after GC invocations=23 (full 0):
 garbage-first heap   total 157696K, used 65508K [0x0000000081c00000, 0x0000000100000000)
  region size 1024K, 8 young (8192K), 8 survivors (8192K)
 Metaspace       used 25190K, capacity 25497K, committed 25856K, reserved 1071104K
  class space    used 3867K, capacity 3980K, committed 4096K, reserved 1048576K
}
Event: 20.621 GC heap before
{Heap before GC invocations=23 (full 0):
 garbage-first heap   total 157696K, used 131044K [0x0000000081c00000, 0x0000000100000000)
  region size 1024K, 73 young (74752K), 8 survivors (8192K)
 Metaspace       used 26523K, capacity 26856K, committed 27008K, reserved 1073152K
  class space    used 4077K, capacity 4173K, committed 4224K, reserved 1048576K
}
Event: 20.642 GC heap after
{Heap after GC invocations=24 (full 0):
 garbage-first heap   total 157696K, used 68211K [0x0000000081c00000, 0x0000000100000000)
  region size 1024K, 8 young (8192K), 8 survivors (8192K)
 Metaspace       used 26523K, capacity 26856K, committed 27008K, reserved 1073152K
  class space    used 4077K, capacity 4173K, committed 4224K, reserved 1048576K
}
Event: 21.373 GC heap before
{Heap before GC invocations=24 (full 0):
 garbage-first heap   total 157696K, used 131699K [0x0000000081c00000, 0x0000000100000000)
  region size 1024K, 70 young (71680K), 8 survivors (8192K)
 Metaspace       used 26817K, capacity 27145K, committed 27264K, reserved 1073152K
  class space    used 4092K, capacity 4205K, committed 4224K, reserved 1048576K
}
Event: 21.380 GC heap after
{Heap after GC invocations=25 (full 0):
 garbage-first heap   total 157696K, used 69732K [0x0000000081c00000, 0x0000000100000000)
  region size 1024K, 7 young (7168K), 7 survivors (7168K)
 Metaspace       used 26817K, capacity 27145K, committed 27264K, reserved 1073152K
  class space    used 4092K, capacity 4205K, committed 4224K, reserved 1048576K
}
Event: 21.538 GC heap before
{Heap before GC invocations=25 (full 0):
 garbage-first heap   total 157696K, used 133220K [0x0000000081c00000, 0x0000000100000000)
  region size 1024K, 69 young (70656K), 7 survivors (7168K)
 Metaspace       used 26833K, capacity 27145K, committed 27264K, reserved 1073152K
  class space    used 4092K, capacity 4205K, committed 4224K, reserved 1048576K
}
Event: 21.541 GC heap after
{Heap after GC invocations=26 (full 0):
 garbage-first heap   total 157696K, used 70135K [0x0000000081c00000, 0x0000000100000000)
  region size 1024K, 5 young (5120K), 5 survivors (5120K)
 Metaspace       used 26833K, capacity 27145K, committed 27264K, reserved 1073152K
  class space    used 4092K, capacity 4205K, committed 4224K, reserved 1048576K
}

