# JRE version: Java(TM) SE Runtime Environment (12.0.2+10) (build 12.0.2+10)
# Java VM: Java HotSpot(TM) 64-Bit Server VM (12.0.2+10, mixed mode, sharing, tiered, compressed oops, g1 gc, windows-amd64)
Heap:
 garbage-first heap   total 145408K, used 115073K [0x0000000081c00000, 0x0000000100000000)
  region size 1024K, 40 young (40960K), 3 survivors (3072K)
 Metaspace       used 26853K, capacity 27144K, committed 27264K, reserved 1073152K
  class space    used 4099K, capacity 4205K, committed 4224K, reserved 1048576K
GC Heap History (10 events):
Event: 20.015 GC heap before
{Heap before GC invocations=41 (full 0):
 garbage-first heap   total 131072K, used 109501K [0x0000000081c00000, 0x0000000100000000)
  region size 1024K, 41 young (41984K), 5 survivors (5120K)
 Metaspace       used 26549K, capacity 26850K, committed 27008K, reserved 1073152K
  class space    used 4084K, capacity 4172K, committed 4224K, reserved 1048576K
}
Event: 20.019 GC heap after
{Heap after GC invocations=42 (full 0):
 garbage-first heap   total 131072K, used 76026K [0x0000000081c00000, 0x0000000100000000)
  region size 1024K, 6 young (6144K), 6 survivors (6144K)
 Metaspace       used 26549K, capacity 26850K, committed 27008K, reserved 1073152K
  class space    used 4084K, capacity 4172K, committed 4224K, reserved 1048576K
}
Event: 20.741 GC heap before
{Heap before GC invocations=43 (full 0):
 garbage-first heap   total 132096K, used 110842K [0x0000000081c00000, 0x0000000100000000)
  region size 1024K, 40 young (40960K), 6 survivors (6144K)
 Metaspace       used 26825K, capacity 27144K, committed 27264K, reserved 1073152K
  class space    used 4099K, capacity 4205K, committed 4224K, reserved 1048576K
}
Event: 20.751 GC heap after
{Heap after GC invocations=44 (full 0):
 garbage-first heap   total 132096K, used 78409K [0x0000000081c00000, 0x0000000100000000)
  region size 1024K, 5 young (5120K), 5 survivors (5120K)
 Metaspace       used 26825K, capacity 27144K, committed 27264K, reserved 1073152K
  class space    used 4099K, capacity 4205K, committed 4224K, reserved 1048576K
}
Event: 20.839 GC heap before
{Heap before GC invocations=44 (full 0):
 garbage-first heap   total 132096K, used 112201K [0x0000000081c00000, 0x0000000100000000)
  region size 1024K, 38 young (38912K), 5 survivors (5120K)
 Metaspace       used 26834K, capacity 27144K, committed 27264K, reserved 1073152K
  class space    used 4099K, capacity 4205K, committed 4224K, reserved 1048576K
}
Event: 20.842 GC heap after
{Heap after GC invocations=45 (full 0):
 garbage-first heap   total 132096K, used 78459K [0x0000000081c00000, 0x0000000100000000)
  region size 1024K, 3 young (3072K), 3 survivors (3072K)
 Metaspace       used 26834K, capacity 27144K, committed 27264K, reserved 1073152K
  class space    used 4099K, capacity 4205K, committed 4224K, reserved 1048576K
}
Event: 20.991 GC heap before
{Heap before GC invocations=46 (full 0):
 garbage-first heap   total 142336K, used 112251K [0x0000000081c00000, 0x0000000100000000)
  region size 1024K, 36 young (36864K), 3 survivors (3072K)
 Metaspace       used 26841K, capacity 27144K, committed 27264K, reserved 1073152K
  class space    used 4099K, capacity 4205K, committed 4224K, reserved 1048576K
}
Event: 20.993 GC heap after
{Heap after GC invocations=47 (full 0):
 garbage-first heap   total 142336K, used 78257K [0x0000000081c00000, 0x0000000100000000)
  region size 1024K, 3 young (3072K), 3 survivors (3072K)
 Metaspace       used 26841K, capacity 27144K, committed 27264K, reserved 1073152K
  class space    used 4099K, capacity 4205K, committed 4224K, reserved 1048576K
}
Event: 21.072 GC heap before
{Heap before GC invocations=47 (full 0):
 garbage-first heap   total 142336K, used 117169K [0x0000000081c00000, 0x0000000100000000)
  region size 1024K, 41 young (41984K), 3 survivors (3072K)
 Metaspace       used 26848K, capacity 27144K, committed 27264K, reserved 1073152K
  class space    used 4099K, capacity 4205K, committed 4224K, reserved 1048576K
}
Event: 21.074 GC heap after
{Heap after GC invocations=48 (full 0):
 garbage-first heap   total 142336K, used 78209K [0x0000000081c00000, 0x0000000100000000)
  region size 1024K, 3 young (3072K), 3 survivors (3072K)
 Metaspace       used 26848K, capacity 27144K, committed 27264K, reserved 1073152K
  class space    used 4099K, capacity 4205K, committed 4224K, reserved 1048576K
}

