# JRE version: Java(TM) SE Runtime Environment (12.0.2+10) (build 12.0.2+10)
# Java VM: Java HotSpot(TM) 64-Bit Server VM (12.0.2+10, mixed mode, sharing, tiered, compressed oops, g1 gc, windows-amd64)
Heap:
 garbage-first heap   total 145408K, used 116547K [0x0000000081c00000, 0x0000000100000000)
  region size 1024K, 41 young (41984K), 2 survivors (2048K)
 Metaspace       used 26859K, capacity 27209K, committed 27264K, reserved 1073152K
  class space    used 4093K, capacity 4205K, committed 4224K, reserved 1048576K
GC Heap History (10 events):
Event: 27.277 GC heap before
{Heap before GC invocations=41 (full 0):
 garbage-first heap   total 131072K, used 110383K [0x0000000081c00000, 0x0000000100000000)
  region size 1024K, 42 young (43008K), 5 survivors (5120K)
 Metaspace       used 26573K, capacity 26914K, committed 27008K, reserved 1073152K
  class space    used 4078K, capacity 4172K, committed 4224K, reserved 1048576K
}
Event: 27.283 GC heap after
{Heap after GC invocations=42 (full 0):
 garbage-first heap   total 131072K, used 76007K [0x0000000081c00000, 0x0000000100000000)
  region size 1024K, 6 young (6144K), 6 survivors (6144K)
 Metaspace       used 26573K, capacity 26914K, committed 27008K, reserved 1073152K
  class space    used 4078K, capacity 4172K, committed 4224K, reserved 1048576K
}
Event: 28.127 GC heap before
{Heap before GC invocations=43 (full 0):
 garbage-first heap   total 131072K, used 110823K [0x0000000081c00000, 0x0000000100000000)
  region size 1024K, 40 young (40960K), 6 survivors (6144K)
 Metaspace       used 26832K, capacity 27145K, committed 27264K, reserved 1073152K
  class space    used 4093K, capacity 4205K, committed 4224K, reserved 1048576K
}
Event: 28.136 GC heap after
{Heap after GC invocations=44 (full 0):
 garbage-first heap   total 131072K, used 77876K [0x0000000081c00000, 0x0000000100000000)
  region size 1024K, 3 young (3072K), 3 survivors (3072K)
 Metaspace       used 26832K, capacity 27145K, committed 27264K, reserved 1073152K
  class space    used 4093K, capacity 4205K, committed 4224K, reserved 1048576K
}
Event: 28.241 GC heap before
{Heap before GC invocations=44 (full 0):
 garbage-first heap   total 131072K, used 111668K [0x0000000081c00000, 0x0000000100000000)
  region size 1024K, 36 young (36864K), 3 survivors (3072K)
 Metaspace       used 26840K, capacity 27145K, committed 27264K, reserved 1073152K
  class space    used 4093K, capacity 4205K, committed 4224K, reserved 1048576K
}
Event: 28.243 GC heap after
{Heap after GC invocations=45 (full 0):
 garbage-first heap   total 131072K, used 77590K [0x0000000081c00000, 0x0000000100000000)
  region size 1024K, 2 young (2048K), 2 survivors (2048K)
 Metaspace       used 26840K, capacity 27145K, committed 27264K, reserved 1073152K
  class space    used 4093K, capacity 4205K, committed 4224K, reserved 1048576K
}
Event: 28.409 GC heap before
{Heap before GC invocations=46 (full 0):
 garbage-first heap   total 142336K, used 112406K [0x0000000081c00000, 0x0000000100000000)
  region size 1024K, 36 young (36864K), 2 survivors (2048K)
 Metaspace       used 26850K, capacity 27145K, committed 27264K, reserved 1073152K
  class space    used 4093K, capacity 4205K, committed 4224K, reserved 1048576K
}
Event: 28.411 GC heap after
{Heap after GC invocations=47 (full 0):
 garbage-first heap   total 142336K, used 77642K [0x0000000081c00000, 0x0000000100000000)
  region size 1024K, 2 young (2048K), 2 survivors (2048K)
 Metaspace       used 26850K, capacity 27145K, committed 27264K, reserved 1073152K
  class space    used 4093K, capacity 4205K, committed 4224K, reserved 1048576K
}
Event: 28.533 GC heap before
{Heap before GC invocations=47 (full 0):
 garbage-first heap   total 142336K, used 117578K [0x0000000081c00000, 0x0000000100000000)
  region size 1024K, 41 young (41984K), 2 survivors (2048K)
 Metaspace       used 26855K, capacity 27145K, committed 27264K, reserved 1073152K
  class space    used 4093K, capacity 4205K, committed 4224K, reserved 1048576K
}
Event: 28.535 GC heap after
{Heap after GC invocations=48 (full 0):
 garbage-first heap   total 142336K, used 77635K [0x0000000081c00000, 0x0000000100000000)
  region size 1024K, 2 young (2048K), 2 survivors (2048K)
 Metaspace       used 26855K, capacity 27145K, committed 27264K, reserved 1073152K
  class space    used 4093K, capacity 4205K, committed 4224K, reserved 1048576K
}

