# JRE version: Java(TM) SE Runtime Environment (12.0.2+10) (build 12.0.2+10)
# Java VM: Java HotSpot(TM) 64-Bit Server VM (12.0.2+10, mixed mode, sharing, tiered, compressed oops, g1 gc, windows-amd64)
Heap:
 garbage-first heap   total 142336K, used 98251K [0x0000000081c00000, 0x0000000100000000)
  region size 1024K, 23 young (23552K), 2 survivors (2048K)
 Metaspace       used 26862K, capacity 27241K, committed 27392K, reserved 1073152K
  class space    used 4106K, capacity 4237K, committed 4352K, reserved 1048576K
GC Heap History (10 events):
Event: 25.465 GC heap before
{Heap before GC invocations=41 (full 0):
 garbage-first heap   total 131072K, used 110482K [0x0000000081c00000, 0x0000000100000000)
  region size 1024K, 42 young (43008K), 5 survivors (5120K)
 Metaspace       used 26558K, capacity 26946K, committed 27008K, reserved 1073152K
  class space    used 4092K, capacity 4204K, committed 4224K, reserved 1048576K
}
Event: 25.470 GC heap after
{Heap after GC invocations=42 (full 0):
 garbage-first heap   total 131072K, used 76321K [0x0000000081c00000, 0x0000000100000000)
  region size 1024K, 6 young (6144K), 6 survivors (6144K)
 Metaspace       used 26558K, capacity 26946K, committed 27008K, reserved 1073152K
  class space    used 4092K, capacity 4204K, committed 4224K, reserved 1048576K
}
Event: 26.085 GC heap before
{Heap before GC invocations=43 (full 0):
 garbage-first heap   total 132096K, used 111137K [0x0000000081c00000, 0x0000000100000000)
  region size 1024K, 40 young (40960K), 6 survivors (6144K)
 Metaspace       used 26833K, capacity 27177K, committed 27392K, reserved 1073152K
  class space    used 4106K, capacity 4237K, committed 4352K, reserved 1048576K
}
Event: 26.090 GC heap after
{Heap after GC invocations=44 (full 0):
 garbage-first heap   total 132096K, used 78184K [0x0000000081c00000, 0x0000000100000000)
  region size 1024K, 3 young (3072K), 3 survivors (3072K)
 Metaspace       used 26833K, capacity 27177K, committed 27392K, reserved 1073152K
  class space    used 4106K, capacity 4237K, committed 4352K, reserved 1048576K
}
Event: 26.176 GC heap before
{Heap before GC invocations=44 (full 0):
 garbage-first heap   total 132096K, used 113000K [0x0000000081c00000, 0x0000000100000000)
  region size 1024K, 37 young (37888K), 3 survivors (3072K)
 Metaspace       used 26843K, capacity 27177K, committed 27392K, reserved 1073152K
  class space    used 4106K, capacity 4237K, committed 4352K, reserved 1048576K
}
Event: 26.178 GC heap after
{Heap after GC invocations=45 (full 0):
 garbage-first heap   total 132096K, used 77824K [0x0000000081c00000, 0x0000000100000000)
  region size 1024K, 2 young (2048K), 2 survivors (2048K)
 Metaspace       used 26843K, capacity 27177K, committed 27392K, reserved 1073152K
  class space    used 4106K, capacity 4237K, committed 4352K, reserved 1048576K
}
Event: 26.299 GC heap before
{Heap before GC invocations=46 (full 0):
 garbage-first heap   total 142336K, used 113664K [0x0000000081c00000, 0x0000000100000000)
  region size 1024K, 37 young (37888K), 2 survivors (2048K)
 Metaspace       used 26850K, capacity 27177K, committed 27392K, reserved 1073152K
  class space    used 4106K, capacity 4237K, committed 4352K, reserved 1048576K
}
Event: 26.301 GC heap after
{Heap after GC invocations=47 (full 0):
 garbage-first heap   total 142336K, used 77824K [0x0000000081c00000, 0x0000000100000000)
  region size 1024K, 2 young (2048K), 2 survivors (2048K)
 Metaspace       used 26850K, capacity 27177K, committed 27392K, reserved 1073152K
  class space    used 4106K, capacity 4237K, committed 4352K, reserved 1048576K
}
Event: 26.381 GC heap before
{Heap before GC invocations=47 (full 0):
 garbage-first heap   total 142336K, used 117760K [0x0000000081c00000, 0x0000000100000000)
  region size 1024K, 41 young (41984K), 2 survivors (2048K)
 Metaspace       used 26856K, capacity 27177K, committed 27392K, reserved 1073152K
  class space    used 4106K, capacity 4237K, committed 4352K, reserved 1048576K
}
Event: 26.383 GC heap after
{Heap after GC invocations=48 (full 0):
 garbage-first heap   total 142336K, used 77771K [0x0000000081c00000, 0x0000000100000000)
  region size 1024K, 2 young (2048K), 2 survivors (2048K)
 Metaspace       used 26856K, capacity 27177K, committed 27392K, reserved 1073152K
  class space    used 4106K, capacity 4237K, committed 4352K, reserved 1048576K
}

