# JRE version: Java(TM) SE Runtime Environment (12.0.2+10) (build 12.0.2+10)
# Java VM: Java HotSpot(TM) 64-Bit Server VM (12.0.2+10, mixed mode, sharing, tiered, compressed oops, g1 gc, windows-amd64)
Heap:
 garbage-first heap   total 145408K, used 106139K [0x0000000081c00000, 0x0000000100000000)
  region size 1024K, 30 young (30720K), 1 survivors (1024K)
 Metaspace       used 26854K, capacity 27145K, committed 27264K, reserved 1073152K
  class space    used 4103K, capacity 4205K, committed 4224K, reserved 1048576K
GC Heap History (10 events):
Event: 24.286 GC heap before
{Heap before GC invocations=43 (full 0):
 garbage-first heap   total 131072K, used 104153K [0x0000000081c00000, 0x0000000100000000)
  region size 1024K, 34 young (34816K), 4 survivors (4096K)
 Metaspace       used 26683K, capacity 27080K, committed 27264K, reserved 1073152K
  class space    used 4089K, capacity 4205K, committed 4224K, reserved 1048576K
}
Event: 24.292 GC heap after
{Heap after GC invocations=44 (full 0):
 garbage-first heap   total 131072K, used 77066K [0x0000000081c00000, 0x0000000100000000)
  region size 1024K, 5 young (5120K), 5 survivors (5120K)
 Metaspace       used 26683K, capacity 27080K, committed 27264K, reserved 1073152K
  class space    used 4089K, capacity 4205K, committed 4224K, reserved 1048576K
}
Event: 24.643 GC heap before
{Heap before GC invocations=44 (full 0):
 garbage-first heap   total 131072K, used 106762K [0x0000000081c00000, 0x0000000100000000)
  region size 1024K, 34 young (34816K), 5 survivors (5120K)
 Metaspace       used 26833K, capacity 27145K, committed 27264K, reserved 1073152K
  class space    used 4103K, capacity 4205K, committed 4224K, reserved 1048576K
}
Event: 24.647 GC heap after
{Heap after GC invocations=45 (full 0):
 garbage-first heap   total 131072K, used 77911K [0x0000000081c00000, 0x0000000100000000)
  region size 1024K, 2 young (2048K), 2 survivors (2048K)
 Metaspace       used 26833K, capacity 27145K, committed 27264K, reserved 1073152K
  class space    used 4103K, capacity 4205K, committed 4224K, reserved 1048576K
}
Event: 24.791 GC heap before
{Heap before GC invocations=46 (full 0):
 garbage-first heap   total 145408K, used 107607K [0x0000000081c00000, 0x0000000100000000)
  region size 1024K, 31 young (31744K), 2 survivors (2048K)
 Metaspace       used 26835K, capacity 27145K, committed 27264K, reserved 1073152K
  class space    used 4103K, capacity 4205K, committed 4224K, reserved 1048576K
}
Event: 24.793 GC heap after
{Heap after GC invocations=47 (full 0):
 garbage-first heap   total 145408K, used 77424K [0x0000000081c00000, 0x0000000100000000)
  region size 1024K, 1 young (1024K), 1 survivors (1024K)
 Metaspace       used 26835K, capacity 27145K, committed 27264K, reserved 1073152K
  class space    used 4103K, capacity 4205K, committed 4224K, reserved 1048576K
}
Event: 24.945 GC heap before
{Heap before GC invocations=47 (full 0):
 garbage-first heap   total 145408K, used 114288K [0x0000000081c00000, 0x0000000100000000)
  region size 1024K, 37 young (37888K), 1 survivors (1024K)
 Metaspace       used 26843K, capacity 27145K, committed 27264K, reserved 1073152K
  class space    used 4103K, capacity 4205K, committed 4224K, reserved 1048576K
}
Event: 24.947 GC heap after
{Heap after GC invocations=48 (full 0):
 garbage-first heap   total 145408K, used 77484K [0x0000000081c00000, 0x0000000100000000)
  region size 1024K, 1 young (1024K), 1 survivors (1024K)
 Metaspace       used 26843K, capacity 27145K, committed 27264K, reserved 1073152K
  class space    used 4103K, capacity 4205K, committed 4224K, reserved 1048576K
}
Event: 25.072 GC heap before
{Heap before GC invocations=49 (full 0):
 garbage-first heap   total 145408K, used 115372K [0x0000000081c00000, 0x0000000100000000)
  region size 1024K, 38 young (38912K), 1 survivors (1024K)
 Metaspace       used 26850K, capacity 27145K, committed 27264K, reserved 1073152K
  class space    used 4103K, capacity 4205K, committed 4224K, reserved 1048576K
}
Event: 25.074 GC heap after
{Heap after GC invocations=50 (full 0):
 garbage-first heap   total 145408K, used 77467K [0x0000000081c00000, 0x0000000100000000)
  region size 1024K, 1 young (1024K), 1 survivors (1024K)
 Metaspace       used 26850K, capacity 27145K, committed 27264K, reserved 1073152K
  class space    used 4103K, capacity 4205K, committed 4224K, reserved 1048576K
}

