# JRE version: Java(TM) SE Runtime Environment (12.0.2+10) (build 12.0.2+10)
# Java VM: Java HotSpot(TM) 64-Bit Server VM (12.0.2+10, mixed mode, sharing, tiered, compressed oops, g1 gc, windows-amd64)
Heap:
 garbage-first heap   total 157696K, used 118812K [0x0000000081c00000, 0x0000000100000000)
  region size 1024K, 54 young (55296K), 5 survivors (5120K)
 Metaspace       used 26845K, capacity 27145K, committed 27264K, reserved 1073152K
  class space    used 4097K, capacity 4205K, committed 4224K, reserved 1048576K
GC Heap History (10 events):
Event: 17.622 GC heap before
{Heap before GC invocations=21 (full 0):
 garbage-first heap   total 157696K, used 135236K [0x0000000081c00000, 0x0000000100000000)
  region size 1024K, 77 young (78848K), 5 survivors (5120K)
 Metaspace       used 24735K, capacity 25017K, committed 25216K, reserved 1071104K
  class space    used 3778K, capacity 3884K, committed 3968K, reserved 1048576K
}
Event: 17.635 GC heap after
{Heap after GC invocations=22 (full 0):
 garbage-first heap   total 157696K, used 62584K [0x0000000081c00000, 0x0000000100000000)
  region size 1024K, 6 young (6144K), 6 survivors (6144K)
 Metaspace       used 24735K, capacity 25017K, committed 25216K, reserved 1071104K
  class space    used 3778K, capacity 3884K, committed 3968K, reserved 1048576K
}
Event: 18.542 GC heap before
{Heap before GC invocations=22 (full 0):
 garbage-first heap   total 157696K, used 135288K [0x0000000081c00000, 0x0000000100000000)
  region size 1024K, 76 young (77824K), 6 survivors (6144K)
 Metaspace       used 25190K, capacity 25497K, committed 25856K, reserved 1071104K
  class space    used 3870K, capacity 3980K, committed 4096K, reserved 1048576K
}
Event: 18.545 GC heap after
{Heap after GC invocations=23 (full 0):
 garbage-first heap   total 157696K, used 65111K [0x0000000081c00000, 0x0000000100000000)
  region size 1024K, 7 young (7168K), 7 survivors (7168K)
 Metaspace       used 25190K, capacity 25497K, committed 25856K, reserved 1071104K
  class space    used 3870K, capacity 3980K, committed 4096K, reserved 1048576K
}
Event: 20.181 GC heap before
{Heap before GC invocations=23 (full 0):
 garbage-first heap   total 157696K, used 132695K [0x0000000081c00000, 0x0000000100000000)
  region size 1024K, 74 young (75776K), 7 survivors (7168K)
 Metaspace       used 26543K, capacity 26856K, committed 27008K, reserved 1073152K
  class space    used 4083K, capacity 4173K, committed 4224K, reserved 1048576K
}
Event: 20.188 GC heap after
{Heap after GC invocations=24 (full 0):
 garbage-first heap   total 157696K, used 67875K [0x0000000081c00000, 0x0000000100000000)
  region size 1024K, 8 young (8192K), 8 survivors (8192K)
 Metaspace       used 26543K, capacity 26856K, committed 27008K, reserved 1073152K
  class space    used 4083K, capacity 4173K, committed 4224K, reserved 1048576K
}
Event: 21.049 GC heap before
{Heap before GC invocations=24 (full 0):
 garbage-first heap   total 157696K, used 132387K [0x0000000081c00000, 0x0000000100000000)
  region size 1024K, 71 young (72704K), 8 survivors (8192K)
 Metaspace       used 26822K, capacity 27145K, committed 27264K, reserved 1073152K
  class space    used 4097K, capacity 4205K, committed 4224K, reserved 1048576K
}
Event: 21.059 GC heap after
{Heap after GC invocations=25 (full 0):
 garbage-first heap   total 157696K, used 69642K [0x0000000081c00000, 0x0000000100000000)
  region size 1024K, 7 young (7168K), 7 survivors (7168K)
 Metaspace       used 26822K, capacity 27145K, committed 27264K, reserved 1073152K
  class space    used 4097K, capacity 4205K, committed 4224K, reserved 1048576K
}
Event: 21.263 GC heap before
{Heap before GC invocations=25 (full 0):
 garbage-first heap   total 157696K, used 133130K [0x0000000081c00000, 0x0000000100000000)
  region size 1024K, 69 young (70656K), 7 survivors (7168K)
 Metaspace       used 26838K, capacity 27145K, committed 27264K, reserved 1073152K
  class space    used 4097K, capacity 4205K, committed 4224K, reserved 1048576K
}
Event: 21.267 GC heap after
{Heap after GC invocations=26 (full 0):
 garbage-first heap   total 157696K, used 69660K [0x0000000081c00000, 0x0000000100000000)
  region size 1024K, 5 young (5120K), 5 survivors (5120K)
 Metaspace       used 26838K, capacity 27145K, committed 27264K, reserved 1073152K
  class space    used 4097K, capacity 4205K, committed 4224K, reserved 1048576K
}

