# JRE version: Java(TM) SE Runtime Environment (12.0.2+10) (build 12.0.2+10)
# Java VM: Java HotSpot(TM) 64-Bit Server VM (12.0.2+10, mixed mode, sharing, tiered, compressed oops, g1 gc, windows-amd64)
Heap:
 garbage-first heap   total 145408K, used 79093K [0x0000000081c00000, 0x0000000100000000)
  region size 1024K, 5 young (5120K), 3 survivors (3072K)
 Metaspace       used 26849K, capacity 27145K, committed 27264K, reserved 1073152K
  class space    used 4091K, capacity 4205K, committed 4224K, reserved 1048576K
GC Heap History (10 events):
Event: 26.683 GC heap before
{Heap before GC invocations=43 (full 0):
 garbage-first heap   total 131072K, used 110899K [0x0000000081c00000, 0x0000000100000000)
  region size 1024K, 40 young (40960K), 6 survivors (6144K)
 Metaspace       used 26820K, capacity 27145K, committed 27264K, reserved 1073152K
  class space    used 4091K, capacity 4205K, committed 4224K, reserved 1048576K
}
Event: 26.689 GC heap after
{Heap after GC invocations=44 (full 0):
 garbage-first heap   total 131072K, used 78050K [0x0000000081c00000, 0x0000000100000000)
  region size 1024K, 5 young (5120K), 5 survivors (5120K)
 Metaspace       used 26820K, capacity 27145K, committed 27264K, reserved 1073152K
  class space    used 4091K, capacity 4205K, committed 4224K, reserved 1048576K
}
Event: 26.813 GC heap before
{Heap before GC invocations=44 (full 0):
 garbage-first heap   total 131072K, used 110818K [0x0000000081c00000, 0x0000000100000000)
  region size 1024K, 37 young (37888K), 5 survivors (5120K)
 Metaspace       used 26828K, capacity 27145K, committed 27264K, reserved 1073152K
  class space    used 4091K, capacity 4205K, committed 4224K, reserved 1048576K
}
Event: 26.817 GC heap after
{Heap after GC invocations=45 (full 0):
 garbage-first heap   total 131072K, used 78178K [0x0000000081c00000, 0x0000000100000000)
  region size 1024K, 3 young (3072K), 3 survivors (3072K)
 Metaspace       used 26828K, capacity 27145K, committed 27264K, reserved 1073152K
  class space    used 4091K, capacity 4205K, committed 4224K, reserved 1048576K
}
Event: 27.000 GC heap before
{Heap before GC invocations=46 (full 0):
 garbage-first heap   total 142336K, used 111970K [0x0000000081c00000, 0x0000000100000000)
  region size 1024K, 36 young (36864K), 3 survivors (3072K)
 Metaspace       used 26836K, capacity 27145K, committed 27264K, reserved 1073152K
  class space    used 4091K, capacity 4205K, committed 4224K, reserved 1048576K
}
Event: 27.003 GC heap after
{Heap after GC invocations=47 (full 0):
 garbage-first heap   total 142336K, used 77983K [0x0000000081c00000, 0x0000000100000000)
  region size 1024K, 3 young (3072K), 3 survivors (3072K)
 Metaspace       used 26836K, capacity 27145K, committed 27264K, reserved 1073152K
  class space    used 4091K, capacity 4205K, committed 4224K, reserved 1048576K
}
Event: 27.119 GC heap before
{Heap before GC invocations=47 (full 0):
 garbage-first heap   total 142336K, used 117919K [0x0000000081c00000, 0x0000000100000000)
  region size 1024K, 42 young (43008K), 3 survivors (3072K)
 Metaspace       used 26843K, capacity 27145K, committed 27264K, reserved 1073152K
  class space    used 4091K, capacity 4205K, committed 4224K, reserved 1048576K
}
Event: 27.121 GC heap after
{Heap after GC invocations=48 (full 0):
 garbage-first heap   total 142336K, used 78084K [0x0000000081c00000, 0x0000000100000000)
  region size 1024K, 3 young (3072K), 3 survivors (3072K)
 Metaspace       used 26843K, capacity 27145K, committed 27264K, reserved 1073152K
  class space    used 4091K, capacity 4205K, committed 4224K, reserved 1048576K
}
Event: 27.270 GC heap before
{Heap before GC invocations=49 (full 0):
 garbage-first heap   total 145408K, used 119044K [0x0000000081c00000, 0x0000000100000000)
  region size 1024K, 43 young (44032K), 3 survivors (3072K)
 Metaspace       used 26849K, capacity 27145K, committed 27264K, reserved 1073152K
  class space    used 4091K, capacity 4205K, committed 4224K, reserved 1048576K
}
Event: 27.273 GC heap after
{Heap after GC invocations=50 (full 0):
 garbage-first heap   total 145408K, used 78069K [0x0000000081c00000, 0x0000000100000000)
  region size 1024K, 3 young (3072K), 3 survivors (3072K)
 Metaspace       used 26849K, capacity 27145K, committed 27264K, reserved 1073152K
  class space    used 4091K, capacity 4205K, committed 4224K, reserved 1048576K
}

