# JRE version: Java(TM) SE Runtime Environment (12.0.2+10) (build 12.0.2+10)
# Java VM: Java HotSpot(TM) 64-Bit Server VM (12.0.2+10, mixed mode, sharing, tiered, compressed oops, g1 gc, windows-amd64)
Heap:
 garbage-first heap   total 131072K, used 89462K [0x00000000c0000000, 0x0000000100000000)
  region size 1024K, 22 young (22528K), 3 survivors (3072K)
 Metaspace       used 30676K, capacity 31026K, committed 31280K, reserved 1075200K
  class space    used 4773K, capacity 4879K, committed 4992K, reserved 1048576K
GC Heap History (10 events):
Event: 18.726 GC heap before
{Heap before GC invocations=32 (full 0):
 garbage-first heap   total 131072K, used 108814K [0x00000000c0000000, 0x0000000100000000)
  region size 1024K, 49 young (50176K), 4 survivors (4096K)
 Metaspace       used 25602K, capacity 25817K, committed 26032K, reserved 1071104K
  class space    used 3954K, capacity 4044K, committed 4096K, reserved 1048576K
}
Event: 18.729 GC heap after
{Heap after GC invocations=33 (full 0):
 garbage-first heap   total 131072K, used 65361K [0x00000000c0000000, 0x0000000100000000)
  region size 1024K, 5 young (5120K), 5 survivors (5120K)
 Metaspace       used 25602K, capacity 25817K, committed 26032K, reserved 1071104K
  class space    used 3954K, capacity 4044K, committed 4096K, reserved 1048576K
}
Event: 19.807 GC heap before
{Heap before GC invocations=33 (full 0):
 garbage-first heap   total 131072K, used 109393K [0x00000000c0000000, 0x0000000100000000)
  region size 1024K, 49 young (50176K), 5 survivors (5120K)
 Metaspace       used 30343K, capacity 30635K, committed 31024K, reserved 1075200K
  class space    used 4761K, capacity 4878K, committed 4992K, reserved 1048576K
}
Event: 19.814 GC heap after
{Heap after GC invocations=34 (full 0):
 garbage-first heap   total 131072K, used 68718K [0x00000000c0000000, 0x0000000100000000)
  region size 1024K, 7 young (7168K), 7 survivors (7168K)
 Metaspace       used 30343K, capacity 30635K, committed 31024K, reserved 1075200K
  class space    used 4761K, capacity 4878K, committed 4992K, reserved 1048576K
}
Event: 20.689 GC heap before
{Heap before GC invocations=35 (full 0):
 garbage-first heap   total 131072K, used 109678K [0x00000000c0000000, 0x0000000100000000)
  region size 1024K, 47 young (48128K), 7 survivors (7168K)
 Metaspace       used 30652K, capacity 31026K, committed 31280K, reserved 1075200K
  class space    used 4773K, capacity 4879K, committed 4992K, reserved 1048576K
}
Event: 20.698 GC heap after
{Heap after GC invocations=36 (full 0):
 garbage-first heap   total 131072K, used 71542K [0x00000000c0000000, 0x0000000100000000)
  region size 1024K, 3 young (3072K), 3 survivors (3072K)
 Metaspace       used 30652K, capacity 31026K, committed 31280K, reserved 1075200K
  class space    used 4773K, capacity 4879K, committed 4992K, reserved 1048576K
}
Event: 20.809 GC heap before
{Heap before GC invocations=36 (full 0):
 garbage-first heap   total 131072K, used 110454K [0x00000000c0000000, 0x0000000100000000)
  region size 1024K, 41 young (41984K), 3 survivors (3072K)
 Metaspace       used 30660K, capacity 31026K, committed 31280K, reserved 1075200K
  class space    used 4773K, capacity 4879K, committed 4992K, reserved 1048576K
}
Event: 20.811 GC heap after
{Heap after GC invocations=37 (full 0):
 garbage-first heap   total 131072K, used 71153K [0x00000000c0000000, 0x0000000100000000)
  region size 1024K, 3 young (3072K), 3 survivors (3072K)
 Metaspace       used 30660K, capacity 31026K, committed 31280K, reserved 1075200K
  class space    used 4773K, capacity 4879K, committed 4992K, reserved 1048576K
}
Event: 20.982 GC heap before
{Heap before GC invocations=38 (full 0):
 garbage-first heap   total 131072K, used 110065K [0x00000000c0000000, 0x0000000100000000)
  region size 1024K, 41 young (41984K), 3 survivors (3072K)
 Metaspace       used 30668K, capacity 31026K, committed 31280K, reserved 1075200K
  class space    used 4773K, capacity 4879K, committed 4992K, reserved 1048576K
}
Event: 20.985 GC heap after
{Heap after GC invocations=39 (full 0):
 garbage-first heap   total 131072K, used 71030K [0x00000000c0000000, 0x0000000100000000)
  region size 1024K, 3 young (3072K), 3 survivors (3072K)
 Metaspace       used 30668K, capacity 31026K, committed 31280K, reserved 1075200K
  class space    used 4773K, capacity 4879K, committed 4992K, reserved 1048576K
}

